# JRE version: OpenJDK Runtime Environment (18.0.1.1+2) (build 18.0.1.1+2-6)
# Java VM: OpenJDK 64-Bit Server VM (18.0.1.1+2-6, mixed mode, sharing, tiered, compressed oops, compressed class ptrs, g1 gc, windows-amd64)
GC Precious Log:
 CardTable entry size: 512
 Card Set container configuration: InlinePtr #cards 5 size 8 Array Of Cards #cards 12 size 40 Howl #buckets 4 coarsen threshold 1843 Howl Bitmap #cards 512 size 80 coarsen threshold 460 Card regions per heap region 1 cards per card region 2048
 CPUs: 4 total, 4 available
 Memory: 8072M
 Large Page Support: Disabled
 NUMA Support: Disabled
 Compressed Oops: Enabled (32-bit)
 Heap Region Size: 1M
 Heap Min Capacity: 8M
 Heap Initial Capacity: 128M
 Heap Max Capacity: 2G
 Pre-touch: Disabled
 Parallel Workers: 4
 Concurrent Workers: 1
 Concurrent Refinement Workers: 4
 Periodic GC: Disabled
Heap:
 garbage-first heap   total 501760K, used 275881K [0x0000000080000000, 0x0000000100000000)
  region size 1024K, 10 young (10240K), 10 survivors (10240K)
 Metaspace       used 133096K, committed 134464K, reserved 552960K
  class space    used 16981K, committed 17728K, reserved 421888K
GC Heap History (20 events):
Event: 13480.697 GC heap after
{Heap after GC invocations=85 (full 0):
 garbage-first heap   total 345088K, used 264419K [0x0000000080000000, 0x0000000100000000)
  region size 1024K, 5 young (5120K), 5 survivors (5120K)
 Metaspace       used 127435K, committed 128832K, reserved 552960K
  class space    used 16343K, committed 17088K, reserved 421888K
}
Event: 13482.442 GC heap before
{Heap before GC invocations=85 (full 0):
 garbage-first heap   total 345088K, used 297187K [0x0000000080000000, 0x0000000100000000)
  region size 1024K, 37 young (37888K), 5 survivors (5120K)
 Metaspace       used 128522K, committed 129920K, reserved 552960K
  class space    used 16465K, committed 17216K, reserved 421888K
}
Event: 13482.466 GC heap after
{Heap after GC invocations=86 (full 0):
 garbage-first heap   total 345088K, used 267078K [0x0000000080000000, 0x0000000100000000)
  region size 1024K, 3 young (3072K), 3 survivors (3072K)
 Metaspace       used 128522K, committed 129920K, reserved 552960K
  class space    used 16465K, committed 17216K, reserved 421888K
}
Event: 13483.153 GC heap before
{Heap before GC invocations=86 (full 0):
 garbage-first heap   total 345088K, used 297798K [0x0000000080000000, 0x0000000100000000)
  region size 1024K, 33 young (33792K), 3 survivors (3072K)
 Metaspace       used 128823K, committed 130240K, reserved 552960K
  class space    used 16479K, committed 17216K, reserved 421888K
}
Event: 13483.164 GC heap after
{Heap after GC invocations=87 (full 0):
 garbage-first heap   total 345088K, used 267659K [0x0000000080000000, 0x0000000100000000)
  region size 1024K, 4 young (4096K), 4 survivors (4096K)
 Metaspace       used 128823K, committed 130240K, reserved 552960K
  class space    used 16479K, committed 17216K, reserved 421888K
}
Event: 13483.660 GC heap before
{Heap before GC invocations=87 (full 0):
 garbage-first heap   total 345088K, used 299403K [0x0000000080000000, 0x0000000100000000)
  region size 1024K, 26 young (26624K), 4 survivors (4096K)
 Metaspace       used 129484K, committed 130816K, reserved 552960K
  class space    used 16558K, committed 17280K, reserved 421888K
}
Event: 13483.687 GC heap after
{Heap after GC invocations=88 (full 0):
 garbage-first heap   total 345088K, used 283914K [0x0000000080000000, 0x0000000100000000)
  region size 1024K, 5 young (5120K), 5 survivors (5120K)
 Metaspace       used 129484K, committed 130816K, reserved 552960K
  class space    used 16558K, committed 17280K, reserved 421888K
}
Event: 13483.944 GC heap before
{Heap before GC invocations=88 (full 0):
 garbage-first heap   total 345088K, used 316682K [0x0000000080000000, 0x0000000100000000)
  region size 1024K, 21 young (21504K), 5 survivors (5120K)
 Metaspace       used 129699K, committed 131008K, reserved 552960K
  class space    used 16578K, committed 17280K, reserved 421888K
}
Event: 13483.953 GC heap after
{Heap after GC invocations=89 (full 0):
 garbage-first heap   total 345088K, used 294097K [0x0000000080000000, 0x0000000100000000)
  region size 1024K, 3 young (3072K), 3 survivors (3072K)
 Metaspace       used 129699K, committed 131008K, reserved 552960K
  class space    used 16578K, committed 17280K, reserved 421888K
}
Event: 13484.148 GC heap before
{Heap before GC invocations=89 (full 0):
 garbage-first heap   total 345088K, used 307409K [0x0000000080000000, 0x0000000100000000)
  region size 1024K, 16 young (16384K), 3 survivors (3072K)
 Metaspace       used 129776K, committed 131136K, reserved 552960K
  class space    used 16578K, committed 17280K, reserved 421888K
}
Event: 13484.171 GC heap after
{Heap after GC invocations=90 (full 0):
 garbage-first heap   total 416768K, used 298373K [0x0000000080000000, 0x0000000100000000)
  region size 1024K, 2 young (2048K), 2 survivors (2048K)
 Metaspace       used 129776K, committed 131136K, reserved 552960K
  class space    used 16578K, committed 17280K, reserved 421888K
}
Event: 13486.944 GC heap before
{Heap before GC invocations=90 (full 0):
 garbage-first heap   total 501760K, used 311685K [0x0000000080000000, 0x0000000100000000)
  region size 1024K, 57 young (58368K), 2 survivors (2048K)
 Metaspace       used 131566K, committed 132928K, reserved 552960K
  class space    used 16889K, committed 17600K, reserved 421888K
}
Event: 13487.053 GC heap after
{Heap after GC invocations=91 (full 0):
 garbage-first heap   total 501760K, used 272701K [0x0000000080000000, 0x0000000100000000)
  region size 1024K, 8 young (8192K), 8 survivors (8192K)
 Metaspace       used 131566K, committed 132928K, reserved 552960K
  class space    used 16889K, committed 17600K, reserved 421888K
}
Event: 13490.575 GC heap before
{Heap before GC invocations=92 (full 0):
 garbage-first heap   total 501760K, used 406845K [0x0000000080000000, 0x0000000100000000)
  region size 1024K, 138 young (141312K), 8 survivors (8192K)
 Metaspace       used 131992K, committed 133376K, reserved 552960K
  class space    used 16902K, committed 17600K, reserved 421888K
}
Event: 13490.854 GC heap after
{Heap after GC invocations=93 (full 0):
 garbage-first heap   total 501760K, used 322165K [0x0000000080000000, 0x0000000100000000)
  region size 1024K, 18 young (18432K), 18 survivors (18432K)
 Metaspace       used 131992K, committed 133376K, reserved 552960K
  class space    used 16902K, committed 17600K, reserved 421888K
}
Event: 13491.075 GC heap before
{Heap before GC invocations=93 (full 0):
 garbage-first heap   total 501760K, used 328309K [0x0000000080000000, 0x0000000100000000)
  region size 1024K, 24 young (24576K), 18 survivors (18432K)
 Metaspace       used 132034K, committed 133376K, reserved 552960K
  class space    used 16902K, committed 17600K, reserved 421888K
}
Event: 13491.214 GC heap after
{Heap after GC invocations=94 (full 0):
 garbage-first heap   total 501760K, used 275741K [0x0000000080000000, 0x0000000100000000)
  region size 1024K, 2 young (2048K), 2 survivors (2048K)
 Metaspace       used 132034K, committed 133376K, reserved 552960K
  class space    used 16902K, committed 17600K, reserved 421888K
}
Event: 13492.440 GC heap before
{Heap before GC invocations=94 (full 0):
 garbage-first heap   total 501760K, used 297245K [0x0000000080000000, 0x0000000100000000)
  region size 1024K, 24 young (24576K), 2 survivors (2048K)
 Metaspace       used 132364K, committed 133696K, reserved 552960K
  class space    used 16906K, committed 17600K, reserved 421888K
}
Event: 13492.688 GC heap after
{Heap after GC invocations=95 (full 0):
 garbage-first heap   total 501760K, used 264989K [0x0000000080000000, 0x0000000100000000)
  region size 1024K, 3 young (3072K), 3 survivors (3072K)
 Metaspace       used 132364K, committed 133696K, reserved 552960K
  class space    used 16906K, committed 17600K, reserved 421888K
}
Event: 13496.446 GC heap before
{Heap before GC invocations=95 (full 0):
 garbage-first heap   total 501760K, used 356125K [0x0000000080000000, 0x0000000100000000)
  region size 1024K, 87 young (89088K), 3 survivors (3072K)
 Metaspace       used 133096K, committed 134464K, reserved 552960K
  class space    used 16981K, committed 17728K, reserved 421888K
}

